C:\Users\dell\Desktop\DATA\Learning\Projects\DotNet\WebAspNetAngularApp\App_Angular\dist\out-tsc\e2e\src\app.po.js
C:\Users\dell\Desktop\DATA\Learning\Projects\DotNet\WebAspNetAngularApp\App_Angular\dist\out-tsc\e2e\src\app.po.js.map
C:\Users\dell\Desktop\DATA\Learning\Projects\DotNet\WebAspNetAngularApp\App_Angular\dist\out-tsc\e2e\src\app.e2e-spec.js
C:\Users\dell\Desktop\DATA\Learning\Projects\DotNet\WebAspNetAngularApp\App_Angular\dist\out-tsc\e2e\src\app.e2e-spec.js.map
C:\Users\dell\Desktop\DATA\Learning\Projects\DotNet\WebAspNetAngularApp\App_Angular\dist\out-tsc\src\app\components\posts-list\posts-list.component.js
C:\Users\dell\Desktop\DATA\Learning\Projects\DotNet\WebAspNetAngularApp\App_Angular\dist\out-tsc\src\app\components\posts-list\posts-list.component.js.map
C:\Users\dell\Desktop\DATA\Learning\Projects\DotNet\WebAspNetAngularApp\App_Angular\dist\out-tsc\src\app\components\post-details\post-details.component.js
C:\Users\dell\Desktop\DATA\Learning\Projects\DotNet\WebAspNetAngularApp\App_Angular\dist\out-tsc\src\app\components\post-details\post-details.component.js.map
C:\Users\dell\Desktop\DATA\Learning\Projects\DotNet\WebAspNetAngularApp\App_Angular\dist\out-tsc\src\app\resolvers\post.resolver.js
C:\Users\dell\Desktop\DATA\Learning\Projects\DotNet\WebAspNetAngularApp\App_Angular\dist\out-tsc\src\app\resolvers\post.resolver.js.map
C:\Users\dell\Desktop\DATA\Learning\Projects\DotNet\WebAspNetAngularApp\App_Angular\dist\out-tsc\src\app\components\posts-router\posts-router.component.js
C:\Users\dell\Desktop\DATA\Learning\Projects\DotNet\WebAspNetAngularApp\App_Angular\dist\out-tsc\src\app\components\posts-router\posts-router.component.js.map
C:\Users\dell\Desktop\DATA\Learning\Projects\DotNet\WebAspNetAngularApp\App_Angular\dist\out-tsc\src\app\components\users-list\users-list.component.js
C:\Users\dell\Desktop\DATA\Learning\Projects\DotNet\WebAspNetAngularApp\App_Angular\dist\out-tsc\src\app\components\users-list\users-list.component.js.map
C:\Users\dell\Desktop\DATA\Learning\Projects\DotNet\WebAspNetAngularApp\App_Angular\dist\out-tsc\src\app\resolvers\users.resolver.js
C:\Users\dell\Desktop\DATA\Learning\Projects\DotNet\WebAspNetAngularApp\App_Angular\dist\out-tsc\src\app\resolvers\users.resolver.js.map
C:\Users\dell\Desktop\DATA\Learning\Projects\DotNet\WebAspNetAngularApp\App_Angular\dist\out-tsc\src\app\app-routing.module.js
C:\Users\dell\Desktop\DATA\Learning\Projects\DotNet\WebAspNetAngularApp\App_Angular\dist\out-tsc\src\app\app-routing.module.js.map
C:\Users\dell\Desktop\DATA\Learning\Projects\DotNet\WebAspNetAngularApp\App_Angular\dist\out-tsc\src\app\app.component.js
C:\Users\dell\Desktop\DATA\Learning\Projects\DotNet\WebAspNetAngularApp\App_Angular\dist\out-tsc\src\app\app.component.js.map
C:\Users\dell\Desktop\DATA\Learning\Projects\DotNet\WebAspNetAngularApp\App_Angular\dist\out-tsc\src\app\app.module.js
C:\Users\dell\Desktop\DATA\Learning\Projects\DotNet\WebAspNetAngularApp\App_Angular\dist\out-tsc\src\app\app.module.js.map
C:\Users\dell\Desktop\DATA\Learning\Projects\DotNet\WebAspNetAngularApp\App_Angular\dist\out-tsc\src\environments\environment.js
C:\Users\dell\Desktop\DATA\Learning\Projects\DotNet\WebAspNetAngularApp\App_Angular\dist\out-tsc\src\environments\environment.js.map
C:\Users\dell\Desktop\DATA\Learning\Projects\DotNet\WebAspNetAngularApp\App_Angular\dist\out-tsc\src\main.js
C:\Users\dell\Desktop\DATA\Learning\Projects\DotNet\WebAspNetAngularApp\App_Angular\dist\out-tsc\src\main.js.map
C:\Users\dell\Desktop\DATA\Learning\Projects\DotNet\WebAspNetAngularApp\App_Angular\dist\out-tsc\src\polyfills.js
C:\Users\dell\Desktop\DATA\Learning\Projects\DotNet\WebAspNetAngularApp\App_Angular\dist\out-tsc\src\polyfills.js.map
C:\Users\dell\Desktop\DATA\Learning\Projects\DotNet\WebAspNetAngularApp\App_Angular\dist\out-tsc\src\test.js
C:\Users\dell\Desktop\DATA\Learning\Projects\DotNet\WebAspNetAngularApp\App_Angular\dist\out-tsc\src\test.js.map
C:\Users\dell\Desktop\DATA\Learning\Projects\DotNet\WebAspNetAngularApp\App_Angular\dist\out-tsc\src\environments\environment.prod.js
C:\Users\dell\Desktop\DATA\Learning\Projects\DotNet\WebAspNetAngularApp\App_Angular\dist\out-tsc\src\environments\environment.prod.js.map
